[2024-04-16 18:04:43.636] [exthost] [info] extension host started
[2024-04-16 18:04:43.682] [exthost] [info] ExtensionService#_doActivateExtension vscode.debug-auto-launch {"startup":true,"extensionId":{"value":"vscode.debug-auto-launch","_lower":"vscode.debug-auto-launch"},"activationEvent":"*"}
[2024-04-16 18:04:43.682] [exthost] [info] ExtensionService#loadCommonJSModule file:///opt/code-server/lib/vscode/extensions/debug-auto-launch/dist/extension
[2024-04-16 18:04:43.685] [exthost] [info] ExtensionService#_doActivateExtension vscode.emmet {"startup":true,"extensionId":{"value":"vscode.emmet","_lower":"vscode.emmet"},"activationEvent":"*"}
[2024-04-16 18:04:43.685] [exthost] [info] ExtensionService#loadCommonJSModule file:///opt/code-server/lib/vscode/extensions/emmet/dist/node/emmetNodeMain
[2024-04-16 18:04:43.704] [exthost] [info] ExtensionService#_doActivateExtension vscode.git {"startup":true,"extensionId":{"value":"vscode.github","_lower":"vscode.github"},"activationEvent":"*"}
[2024-04-16 18:04:43.705] [exthost] [info] ExtensionService#loadCommonJSModule file:///opt/code-server/lib/vscode/extensions/git/dist/main
[2024-04-16 18:04:43.736] [exthost] [info] ExtensionService#_doActivateExtension vscode.merge-conflict {"startup":true,"extensionId":{"value":"vscode.merge-conflict","_lower":"vscode.merge-conflict"},"activationEvent":"*"}
[2024-04-16 18:04:43.736] [exthost] [info] ExtensionService#loadCommonJSModule file:///opt/code-server/lib/vscode/extensions/merge-conflict/dist/mergeConflictMain
[2024-04-16 18:04:43.739] [exthost] [info] ExtensionService#_doActivateExtension vscode.search-result {"startup":true,"extensionId":{"value":"vscode.search-result","_lower":"vscode.search-result"},"activationEvent":"*"}
[2024-04-16 18:04:43.739] [exthost] [info] ExtensionService#loadCommonJSModule file:///opt/code-server/lib/vscode/extensions/search-result/dist/extension.js
[2024-04-16 18:04:45.157] [exthost] [info] ExtensionService#_doActivateExtension vscode.github {"startup":true,"extensionId":{"value":"vscode.github","_lower":"vscode.github"},"activationEvent":"*"}
[2024-04-16 18:04:45.158] [exthost] [info] ExtensionService#loadCommonJSModule file:///opt/code-server/lib/vscode/extensions/github/dist/extension.js
[2024-04-16 18:04:45.383] [exthost] [info] eager extensions activated
[2024-04-16 18:04:46.033] [exthost] [info] ExtensionService#_doActivateExtension ms-vscode.js-debug {"startup":false,"extensionId":{"value":"ms-vscode.js-debug","_lower":"ms-vscode.js-debug"},"activationEvent":"onCommand:extension.js-debug.clearAutoAttachVariables"}
[2024-04-16 18:04:46.033] [exthost] [info] ExtensionService#loadCommonJSModule file:///opt/code-server/lib/vscode/extensions/ms-vscode.js-debug/src/extension.js
[2024-04-16 18:17:12.399] [exthost] [info] extension host started
[2024-04-16 18:17:12.467] [exthost] [info] ExtensionService#_doActivateExtension vscode.debug-auto-launch {"startup":true,"extensionId":{"value":"vscode.debug-auto-launch","_lower":"vscode.debug-auto-launch"},"activationEvent":"*"}
[2024-04-16 18:17:12.467] [exthost] [info] ExtensionService#loadCommonJSModule file:///opt/code-server/lib/vscode/extensions/debug-auto-launch/dist/extension
[2024-04-16 18:17:12.470] [exthost] [info] ExtensionService#_doActivateExtension vscode.emmet {"startup":true,"extensionId":{"value":"vscode.emmet","_lower":"vscode.emmet"},"activationEvent":"*"}
[2024-04-16 18:17:12.470] [exthost] [info] ExtensionService#loadCommonJSModule file:///opt/code-server/lib/vscode/extensions/emmet/dist/node/emmetNodeMain
[2024-04-16 18:17:12.491] [exthost] [info] ExtensionService#_doActivateExtension vscode.git {"startup":true,"extensionId":{"value":"vscode.github","_lower":"vscode.github"},"activationEvent":"*"}
[2024-04-16 18:17:12.492] [exthost] [info] ExtensionService#loadCommonJSModule file:///opt/code-server/lib/vscode/extensions/git/dist/main
[2024-04-16 18:17:12.522] [exthost] [info] ExtensionService#_doActivateExtension vscode.merge-conflict {"startup":true,"extensionId":{"value":"vscode.merge-conflict","_lower":"vscode.merge-conflict"},"activationEvent":"*"}
[2024-04-16 18:17:12.522] [exthost] [info] ExtensionService#loadCommonJSModule file:///opt/code-server/lib/vscode/extensions/merge-conflict/dist/mergeConflictMain
[2024-04-16 18:17:12.524] [exthost] [info] ExtensionService#_doActivateExtension vscode.search-result {"startup":true,"extensionId":{"value":"vscode.search-result","_lower":"vscode.search-result"},"activationEvent":"*"}
[2024-04-16 18:17:12.524] [exthost] [info] ExtensionService#loadCommonJSModule file:///opt/code-server/lib/vscode/extensions/search-result/dist/extension.js
[2024-04-16 18:17:13.395] [exthost] [info] ExtensionService#_doActivateExtension vscode.github {"startup":true,"extensionId":{"value":"vscode.github","_lower":"vscode.github"},"activationEvent":"*"}
[2024-04-16 18:17:13.395] [exthost] [info] ExtensionService#loadCommonJSModule file:///opt/code-server/lib/vscode/extensions/github/dist/extension.js
[2024-04-16 18:17:13.678] [exthost] [info] ExtensionService#_doActivateExtension ms-vscode.js-debug {"startup":false,"extensionId":{"value":"ms-vscode.js-debug","_lower":"ms-vscode.js-debug"},"activationEvent":"onCommand:extension.js-debug.clearAutoAttachVariables"}
[2024-04-16 18:17:13.678] [exthost] [info] ExtensionService#loadCommonJSModule file:///opt/code-server/lib/vscode/extensions/ms-vscode.js-debug/src/extension.js
[2024-04-16 18:17:13.781] [exthost] [info] eager extensions activated
[2024-04-16 18:17:16.537] [exthost] [info] ExtensionService#_doActivateExtension vscode.configuration-editing {"startup":false,"extensionId":{"value":"vscode.configuration-editing","_lower":"vscode.configuration-editing"},"activationEvent":"onLanguage:jsonc"}
[2024-04-16 18:17:16.537] [exthost] [info] ExtensionService#loadCommonJSModule file:///opt/code-server/lib/vscode/extensions/configuration-editing/dist/configurationEditingMain
[2024-04-16 18:17:16.540] [exthost] [info] ExtensionService#_doActivateExtension vscode.json-language-features {"startup":false,"extensionId":{"value":"vscode.json-language-features","_lower":"vscode.json-language-features"},"activationEvent":"onLanguage:jsonc"}
[2024-04-16 18:17:16.540] [exthost] [info] ExtensionService#loadCommonJSModule file:///opt/code-server/lib/vscode/extensions/json-language-features/client/dist/node/jsonClientMain
[2024-04-16 18:17:16.728] [exthost] [info] ExtensionService#_doActivateExtension vscode.typescript-language-features {"startup":false,"extensionId":{"value":"vscode.typescript-language-features","_lower":"vscode.typescript-language-features"},"activationEvent":"onLanguage:jsonc"}
[2024-04-16 18:17:16.728] [exthost] [info] ExtensionService#loadCommonJSModule file:///opt/code-server/lib/vscode/extensions/typescript-language-features/dist/extension
[2024-04-16 18:17:30.399] [exthost] [info] ExtensionService#_doActivateExtension vscode.python {"startup":false,"extensionId":{"value":"vscode.python","_lower":"vscode.python"},"activationEvent":"onLanguage:python"}
[2024-04-16 18:17:30.399] [exthost] [info] ExtensionService#loadCommonJSModule file:///opt/code-server/lib/vscode/extensions/python/dist/pythonMain
[2024-04-16 18:17:30.400] [exthost] [info] ExtensionService#_doActivateExtension ms-python.python {"startup":false,"extensionId":{"value":"ms-python.python","_lower":"ms-python.python"},"activationEvent":"onLanguage:python"}
[2024-04-16 18:17:30.400] [exthost] [info] ExtensionService#loadCommonJSModule file:///home/ubuntu/.local/share/code-server/extensions/ms-python.python-2020.10.332292344/out/client/extension
[2024-04-16 18:17:34.929] [exthost] [info] Extension 'ms-python.python' uses a document selector without scheme. Learn more about this: https://go.microsoft.com/fwlink/?linkid=872305
[2024-04-16 18:48:21.914] [exthost] [info] ExtensionService#_doActivateExtension vscode.image-preview {"startup":false,"extensionId":{"value":"vscode.image-preview","_lower":"vscode.image-preview"},"activationEvent":"onCustomEditor:imagePreview.previewEditor"}
[2024-04-16 18:48:21.914] [exthost] [info] ExtensionService#loadCommonJSModule file:///opt/code-server/lib/vscode/extensions/image-preview/dist/extension
